SF:lib\models\categoria.dart
DA:8,2
DA:16,1
DA:17,1
DA:18,1
DA:19,1
DA:20,1
DA:21,3
DA:25,2
DA:26,2
DA:27,2
DA:31,2
DA:38,2
DA:42,2
DA:48,2
DA:52,2
DA:57,2
DA:61,2
DA:65,2
DA:69,2
DA:74,2
DA:78,2
DA:85,2
DA:89,2
DA:95,2
DA:99,2
LF:25
LH:25
end_of_record
SF:lib\models\endereco.dart
DA:14,1
DA:28,1
DA:29,1
DA:30,2
DA:31,2
DA:32,2
DA:33,2
DA:34,2
DA:35,2
DA:36,2
DA:37,2
DA:38,2
DA:39,2
DA:40,3
DA:44,1
DA:45,1
DA:46,1
DA:47,1
DA:48,1
DA:49,1
DA:50,1
DA:51,1
DA:52,1
DA:53,1
DA:56,3
DA:57,2
DA:60,3
DA:61,2
DA:64,1
DA:65,2
DA:71,1
DA:73,12
LF:32
LH:32
end_of_record
SF:lib\models\solicitacao_servico.dart
DA:13,1
DA:26,1
DA:27,1
DA:28,1
DA:29,1
DA:30,1
DA:31,2
DA:32,1
DA:33,1
DA:34,1
DA:35,1
DA:36,2
DA:37,1
DA:41,1
DA:42,1
DA:43,1
DA:44,1
DA:45,1
DA:46,2
DA:47,2
DA:48,2
DA:49,1
DA:50,1
DA:51,2
DA:52,1
DA:56,1
DA:68,1
DA:69,1
DA:70,1
DA:71,1
DA:72,1
DA:73,1
DA:74,1
DA:75,1
DA:76,1
DA:77,1
DA:78,1
LF:37
LH:37
end_of_record
SF:lib\Services\category_service.dart
DA:4,3
DA:7,1
DA:8,1
DA:11,1
DA:12,1
DA:15,1
DA:16,2
DA:19,2
DA:21,1
DA:22,2
DA:23,1
DA:25,1
DA:28,1
DA:29,5
DA:30,2
DA:31,2
DA:32,2
DA:33,3
DA:34,3
DA:35,3
DA:36,3
DA:39,1
LF:22
LH:22
end_of_record
SF:lib\Services\validation_service.dart
DA:5,1
DA:6,2
DA:9,1
DA:10,1
DA:14,1
DA:15,1
DA:16,1
DA:20,1
DA:28,1
DA:32,1
DA:36,2
DA:41,1
DA:45,2
DA:54,1
DA:61,2
DA:65,1
DA:69,2
DA:73,2
DA:77,2
DA:81,2
DA:89,1
DA:96,2
DA:100,4
DA:104,2
DA:108,1
DA:112,2
DA:116,1
DA:120,1
DA:124,2
DA:128,1
DA:136,1
DA:140,2
DA:144,1
DA:148,1
DA:156,1
DA:157,1
DA:158,1
DA:161,1
DA:162,1
DA:169,1
DA:170,2
DA:174,3
DA:178,3
DA:186,1
DA:187,2
DA:191,1
DA:199,1
DA:200,2
DA:204,3
DA:208,3
LF:50
LH:50
end_of_record
SF:lib\utils\format_utils.dart
DA:5,1
DA:6,1
DA:11,1
DA:15,1
DA:16,1
DA:19,2
DA:21,1
DA:24,3
DA:27,2
DA:31,2
DA:32,4
DA:33,6
DA:37,1
DA:38,2
DA:39,2
DA:40,3
DA:46,1
DA:47,2
DA:48,2
DA:49,5
DA:55,1
DA:56,2
DA:57,2
DA:58,4
DA:59,2
DA:60,4
DA:66,1
DA:67,2
DA:71,1
DA:72,2
DA:76,1
DA:77,2
DA:81,1
DA:82,1
DA:83,1
DA:85,3
DA:86,3
DA:87,3
DA:89,3
DA:90,3
DA:91,3
DA:94,1
DA:99,1
DA:100,1
DA:101,4
DA:102,4
DA:104,1
DA:105,2
DA:107,3
DA:112,1
DA:113,1
DA:114,4
DA:115,1
DA:116,5
DA:117,1
DA:121,1
DA:122,2
DA:126,2
DA:127,2
DA:128,2
DA:132,2
DA:133,4
DA:134,4
DA:137,4
DA:141,4
DA:142,10
DA:144,2
DA:145,4
DA:148,4
DA:149,10
DA:151,2
DA:152,4
DA:154,12
DA:158,2
DA:159,4
DA:160,4
DA:164,2
DA:165,4
DA:166,8
LF:79
LH:79
end_of_record
